#
# There is insufficient memory for the Java Runtime Environment to continue.
# Native memory allocation (malloc) failed to allocate 601232 bytes for Chunk::new
# Possible reasons:
#   The system is out of physical RAM or swap space
#   The process is running with CompressedOops enabled, and the Java Heap may be blocking the growth of the native heap
# Possible solutions:
#   Reduce memory load on the system
#   Increase physical memory or swap space
#   Check if swap backing store is full
#   Decrease Java heap size (-Xmx/-Xms)
#   Decrease number of Java threads
#   Decrease Java thread stack sizes (-Xss)
#   Set larger code cache with -XX:ReservedCodeCacheSize=
#   JVM is running with Unscaled Compressed Oops mode in which the Java heap is
#     placed in the first 4GB address space. The Java Heap base address is the
#     maximum limit for the native heap growth. Please use -XX:HeapBaseMinAddress
#     to set the Java Heap base and to place the Java Heap above 4GB virtual address.
# This output file may be truncated or incomplete.
#
#  Out of Memory Error (arena.cpp:184), pid=10736, tid=12244
#
# JRE version: Java(TM) SE Runtime Environment (20.0.2+9) (build 20.0.2+9-78)
# Java VM: Java HotSpot(TM) 64-Bit Server VM (20.0.2+9-78, mixed mode, sharing, tiered, compressed oops, compressed class ptrs, g1 gc, windows-amd64)
# No core dump will be written. Minidumps are not enabled by default on client versions of Windows
#

---------------  S U M M A R Y ------------

Command Line: -Dfile.encoding=UTF-8 -Dstdout.encoding=UTF-8 -Dstderr.encoding=UTF-8 -XX:+ShowCodeDetailsInExceptionMessages com.example.demo.HouseHerosApplication

Host: Intel(R) Core(TM) i3-1005G1 CPU @ 1.20GHz, 4 cores, 1G,  Windows 11 , 64 bit Build 22621 (10.0.22621.5415)
Time: Thu Oct 16 17:54:03 2025 India Standard Time elapsed time: 1.920555 seconds (0d 0h 0m 1s)

---------------  T H R E A D  ---------------

Current thread (0x0000024519938330):  JavaThread "C2 CompilerThread0" daemon [_thread_in_native, id=12244, stack(0x0000009704c00000,0x0000009704d00000)]


Current CompileTask:
C2:   1920 1671       4       jdk.internal.loader.URLClassPath::getResource (74 bytes)

Stack: [0x0000009704c00000,0x0000009704d00000]
Native frames: (J=compiled Java code, j=interpreted, Vv=VM code, C=native code)
V  [jvm.dll+0x6bc25a]
V  [jvm.dll+0x84971a]
V  [jvm.dll+0x84b315]
V  [jvm.dll+0x84ba13]
V  [jvm.dll+0x280e4f]
V  [jvm.dll+0xc2ab1]
V  [jvm.dll+0xc2dd5]
V  [jvm.dll+0x3bb64c]
V  [jvm.dll+0x385b75]
V  [jvm.dll+0x384fea]
V  [jvm.dll+0x24b529]
V  [jvm.dll+0x24a921]
V  [jvm.dll+0x1ce761]
V  [jvm.dll+0x25a0eb]
V  [jvm.dll+0x2587c0]
V  [jvm.dll+0x3f2dd5]
V  [jvm.dll+0x7f5c76]
V  [jvm.dll+0x6baecb]
C  [ucrtbase.dll+0x29333]
C  [KERNEL32.DLL+0x1259d]
C  [ntdll.dll+0x5af78]


---------------  P R O C E S S  ---------------

Threads class SMR info:
_java_thread_list=0x000002451eb30970, length=12, elements={
0x00000244be912860, 0x0000024519925240, 0x00000245199288c0, 0x000002451992dc20,
0x000002451992f570, 0x00000245199358a0, 0x00000245199361e0, 0x0000024519938330,
0x0000024519938cb0, 0x000002451dc6ef10, 0x000002451dc7d390, 0x000002451ec04a40
}

Java Threads: ( => current thread )
  0x00000244be912860 JavaThread "main" [_thread_in_vm, id=10132, stack(0x0000009703f00000,0x0000009704000000)]
  0x0000024519925240 JavaThread "Reference Handler" daemon [_thread_blocked, id=12220, stack(0x0000009704600000,0x0000009704700000)]
  0x00000245199288c0 JavaThread "Finalizer" daemon [_thread_blocked, id=12260, stack(0x0000009704700000,0x0000009704800000)]
  0x000002451992dc20 JavaThread "Signal Dispatcher" daemon [_thread_blocked, id=12256, stack(0x0000009704800000,0x0000009704900000)]
  0x000002451992f570 JavaThread "Attach Listener" daemon [_thread_blocked, id=12232, stack(0x0000009704900000,0x0000009704a00000)]
  0x00000245199358a0 JavaThread "Service Thread" daemon [_thread_blocked, id=12216, stack(0x0000009704a00000,0x0000009704b00000)]
  0x00000245199361e0 JavaThread "Monitor Deflation Thread" daemon [_thread_blocked, id=12248, stack(0x0000009704b00000,0x0000009704c00000)]
=>0x0000024519938330 JavaThread "C2 CompilerThread0" daemon [_thread_in_native, id=12244, stack(0x0000009704c00000,0x0000009704d00000)]
  0x0000024519938cb0 JavaThread "C1 CompilerThread0" daemon [_thread_blocked, id=12212, stack(0x0000009704d00000,0x0000009704e00000)]
  0x000002451dc6ef10 JavaThread "Notification Thread" daemon [_thread_blocked, id=12240, stack(0x0000009704e00000,0x0000009704f00000)]
  0x000002451dc7d390 JavaThread "Common-Cleaner" daemon [_thread_blocked, id=12204, stack(0x0000009705000000,0x0000009705100000)]
  0x000002451ec04a40 JavaThread "background-preinit" [_thread_in_vm, id=11516, stack(0x0000009705400000,0x0000009705500000)]

Other Threads:
  0x00000244be9a7fd0 VMThread "VM Thread" [stack: 0x0000009704500000,0x0000009704600000] [id=12224]
  0x000002451dc72020 WatcherThread "VM Periodic Task Thread" [stack: 0x0000009704f00000,0x0000009705000000] [id=12208]
  0x00000244be943a40 WorkerThread "GC Thread#0" [stack: 0x0000009704000000,0x0000009704100000] [id=12176]
  0x000002451e28ab30 WorkerThread "GC Thread#1" [stack: 0x0000009705100000,0x0000009705200000] [id=12164]
  0x000002451e2be090 WorkerThread "GC Thread#2" [stack: 0x0000009705200000,0x0000009705300000] [id=12228]
  0x000002451e2be360 WorkerThread "GC Thread#3" [stack: 0x0000009705300000,0x0000009705400000] [id=12196]
  0x00000244be94aa70 ConcurrentGCThread "G1 Main Marker" [stack: 0x0000009704100000,0x0000009704200000] [id=12180]
  0x00000244be94bce0 WorkerThread "G1 Conc#0" [stack: 0x0000009704200000,0x0000009704300000] [id=12172]
  0x00000244be988fd0 ConcurrentGCThread "G1 Refine#0" [stack: 0x0000009704300000,0x0000009704400000] [id=12252]
  0x00000244be989970 ConcurrentGCThread "G1 Service" [stack: 0x0000009704400000,0x0000009704500000] [id=12236]

Threads with active compile tasks:
C2 CompilerThread0     1988 1671       4       jdk.internal.loader.URLClassPath::getResource (74 bytes)

VM state: not at safepoint (normal execution)

VM Mutex/Monitor currently owned by a thread:  ([mutex/lock_event])
[0x00000244be90a5f0] Metaspace_lock - owner thread: 0x00000244be912860

Heap address: 0x00000000e3a00000, size: 454 MB, Compressed Oops mode: 32-bit

CDS archive(s) mapped at: [0x00000244d8800000-0x00000244d9460000-0x00000244d9460000), size 12976128, SharedBaseAddress: 0x00000244d8800000, ArchiveRelocationMode: 1.
Compressed class space mapped at: 0x00000244d9800000-0x0000024519800000, reserved size: 1073741824
Narrow klass base: 0x00000244d8800000, Narrow klass shift: 0, Narrow klass range: 0x100000000

GC Precious Log:
 CardTable entry size: 512
 Card Set container configuration: InlinePtr #cards 5 size 8 Array Of Cards #cards 12 size 40 Howl #buckets 4 coarsen threshold 1843 Howl Bitmap #cards 512 size 80 coarsen threshold 460 Card regions per heap region 1 cards per card region 2048
 CPUs: 4 total, 4 available
 Memory: 1815M
 Large Page Support: Disabled
 NUMA Support: Disabled
 Compressed Oops: Enabled (32-bit)
 Heap Region Size: 1M
 Heap Min Capacity: 8M
 Heap Initial Capacity: 30M
 Heap Max Capacity: 454M
 Pre-touch: Disabled
 Parallel Workers: 4
 Concurrent Workers: 1
 Concurrent Refinement Workers: 4
 Periodic GC: Disabled

Heap:
 garbage-first heap   total 30720K, used 12286K [0x00000000e3a00000, 0x0000000100000000)
  region size 1024K, 7 young (7168K), 2 survivors (2048K)
 Metaspace       used 9305K, committed 9600K, reserved 1114112K
  class space    used 1191K, committed 1344K, reserved 1048576K

Heap Regions: E=young(eden), S=young(survivor), O=old, HS=humongous(starts), HC=humongous(continues), CS=collection set, F=free, OA=open archive, CA=closed archive, TAMS=top-at-mark-start, PB=parsable bottom
|   0|0x00000000e3a00000, 0x00000000e3b00000, 0x00000000e3b00000|100%|HS|  |TAMS 0x00000000e3a00000| PB 0x00000000e3a00000| Complete 
|   1|0x00000000e3b00000, 0x00000000e3c00000, 0x00000000e3c00000|100%|HS|  |TAMS 0x00000000e3b00000| PB 0x00000000e3b00000| Complete 
|   2|0x00000000e3c00000, 0x00000000e3d00000, 0x00000000e3d00000|100%| O|  |TAMS 0x00000000e3c00000| PB 0x00000000e3c00000| Untracked 
|   3|0x00000000e3d00000, 0x00000000e3e00000, 0x00000000e3e00000|100%| O|  |TAMS 0x00000000e3d00000| PB 0x00000000e3d00000| Untracked 
|   4|0x00000000e3e00000, 0x00000000e3f00000, 0x00000000e3f00000|100%| O|  |TAMS 0x00000000e3e00000| PB 0x00000000e3e00000| Untracked 
|   5|0x00000000e3f00000, 0x00000000e4000000, 0x00000000e4000000|100%| O|  |TAMS 0x00000000e3f00000| PB 0x00000000e3f00000| Untracked 
|   6|0x00000000e4000000, 0x00000000e4100000, 0x00000000e4100000|100%| O|  |TAMS 0x00000000e4000000| PB 0x00000000e4000000| Untracked 
|   7|0x00000000e4100000, 0x00000000e4140000, 0x00000000e4200000| 25%| O|  |TAMS 0x00000000e4100000| PB 0x00000000e4100000| Untracked 
|   8|0x00000000e4200000, 0x00000000e4200000, 0x00000000e4300000|  0%| F|  |TAMS 0x00000000e4200000| PB 0x00000000e4200000| Untracked 
|   9|0x00000000e4300000, 0x00000000e4300000, 0x00000000e4400000|  0%| F|  |TAMS 0x00000000e4300000| PB 0x00000000e4300000| Untracked 
|  10|0x00000000e4400000, 0x00000000e4400000, 0x00000000e4500000|  0%| F|  |TAMS 0x00000000e4400000| PB 0x00000000e4400000| Untracked 
|  11|0x00000000e4500000, 0x00000000e4500000, 0x00000000e4600000|  0%| F|  |TAMS 0x00000000e4500000| PB 0x00000000e4500000| Untracked 
|  12|0x00000000e4600000, 0x00000000e4600000, 0x00000000e4700000|  0%| F|  |TAMS 0x00000000e4600000| PB 0x00000000e4600000| Untracked 
|  13|0x00000000e4700000, 0x00000000e4700000, 0x00000000e4800000|  0%| F|  |TAMS 0x00000000e4700000| PB 0x00000000e4700000| Untracked 
|  14|0x00000000e4800000, 0x00000000e4800000, 0x00000000e4900000|  0%| F|  |TAMS 0x00000000e4800000| PB 0x00000000e4800000| Untracked 
|  15|0x00000000e4900000, 0x00000000e4900000, 0x00000000e4a00000|  0%| F|  |TAMS 0x00000000e4900000| PB 0x00000000e4900000| Untracked 
|  16|0x00000000e4a00000, 0x00000000e4a00000, 0x00000000e4b00000|  0%| F|  |TAMS 0x00000000e4a00000| PB 0x00000000e4a00000| Untracked 
|  17|0x00000000e4b00000, 0x00000000e4b00000, 0x00000000e4c00000|  0%| F|  |TAMS 0x00000000e4b00000| PB 0x00000000e4b00000| Untracked 
|  18|0x00000000e4c00000, 0x00000000e4cbf910, 0x00000000e4d00000| 74%| S|CS|TAMS 0x00000000e4c00000| PB 0x00000000e4c00000| Complete 
|  19|0x00000000e4d00000, 0x00000000e4e00000, 0x00000000e4e00000|100%| S|CS|TAMS 0x00000000e4d00000| PB 0x00000000e4d00000| Complete 
|  20|0x00000000e4e00000, 0x00000000e4e00000, 0x00000000e4f00000|  0%| F|  |TAMS 0x00000000e4e00000| PB 0x00000000e4e00000| Untracked 
|  21|0x00000000e4f00000, 0x00000000e4f00000, 0x00000000e5000000|  0%| F|  |TAMS 0x00000000e4f00000| PB 0x00000000e4f00000| Untracked 
|  22|0x00000000e5000000, 0x00000000e5000000, 0x00000000e5100000|  0%| F|  |TAMS 0x00000000e5000000| PB 0x00000000e5000000| Untracked 
|  23|0x00000000e5100000, 0x00000000e5100000, 0x00000000e5200000|  0%| F|  |TAMS 0x00000000e5100000| PB 0x00000000e5100000| Untracked 
|  24|0x00000000e5200000, 0x00000000e5200000, 0x00000000e5300000|  0%| F|  |TAMS 0x00000000e5200000| PB 0x00000000e5200000| Untracked 
|  25|0x00000000e5300000, 0x00000000e5399d18, 0x00000000e5400000| 60%| E|  |TAMS 0x00000000e5300000| PB 0x00000000e5300000| Complete 
|  26|0x00000000e5400000, 0x00000000e5500000, 0x00000000e5500000|100%| E|CS|TAMS 0x00000000e5400000| PB 0x00000000e5400000| Complete 
|  27|0x00000000e5500000, 0x00000000e5600000, 0x00000000e5600000|100%| E|  |TAMS 0x00000000e5500000| PB 0x00000000e5500000| Complete 
|  28|0x00000000e5600000, 0x00000000e5700000, 0x00000000e5700000|100%| E|CS|TAMS 0x00000000e5600000| PB 0x00000000e5600000| Complete 
|  29|0x00000000e5700000, 0x00000000e5800000, 0x00000000e5800000|100%| E|CS|TAMS 0x00000000e5700000| PB 0x00000000e5700000| Complete 

Card table byte_map: [0x00000244d59d0000,0x00000244d5ac0000] _byte_map_base: 0x00000244d52b3000

Marking Bits: (CMBitMap*) 0x00000244be943f70
 Bits: [0x00000244d5bb0000, 0x00000244d62c8000)

Polling page: 0x00000244be0c0000

Metaspace:

Usage:
  Non-class:      7.92 MB used.
      Class:      1.16 MB used.
       Both:      9.09 MB used.

Virtual space:
  Non-class space:       64.00 MB reserved,       8.06 MB ( 13%) committed,  1 nodes.
      Class space:        1.00 GB reserved,       1.31 MB ( <1%) committed,  1 nodes.
             Both:        1.06 GB reserved,       9.38 MB ( <1%) committed. 

Chunk freelists:
   Non-Class:  2.73 MB
       Class:  2.50 MB
        Both:  5.23 MB

MaxMetaspaceSize: unlimited
CompressedClassSpaceSize: 1.00 GB
Initial GC threshold: 21.00 MB
Current GC threshold: 21.00 MB
CDS: on
MetaspaceReclaimPolicy: balanced
 - commit_granule_bytes: 65536.
 - commit_granule_words: 8192.
 - virtual_space_node_default_size: 8388608.
 - enlarge_chunks_in_place: 1.
 - new_chunks_are_fully_committed: 0.
 - uncommit_free_chunks: 1.
 - use_allocation_guard: 0.


Internal statistics:

num_allocs_failed_limit: 0.
num_arena_births: 360.
num_arena_deaths: 0.
num_vsnodes_births: 2.
num_vsnodes_deaths: 0.
num_space_committed: 150.
num_space_uncommitted: 0.
num_chunks_returned_to_freelist: 0.
num_chunks_taken_from_freelist: 711.
num_chunk_merges: 0.
num_chunk_splits: 434.
num_chunks_enlarged: 264.
num_inconsistent_stats: 0.

CodeHeap 'non-profiled nmethods': size=120000Kb used=530Kb max_used=530Kb free=119469Kb
 bounds [0x00000244ce4a0000, 0x00000244ce710000, 0x00000244d59d0000]
CodeHeap 'profiled nmethods': size=120000Kb used=3047Kb max_used=3047Kb free=116952Kb
 bounds [0x00000244c69d0000, 0x00000244c6cd0000, 0x00000244cdf00000]
CodeHeap 'non-nmethods': size=5760Kb used=1545Kb max_used=1564Kb free=4214Kb
 bounds [0x00000244cdf00000, 0x00000244ce170000, 0x00000244ce4a0000]
 total_blobs=2156 nmethods=1685 adapters=381
 compilation: enabled
              stopped_count=0, restarted_count=0
 full_count=0

Compilation events (20 events):
Event: 1.895 Thread 0x0000024519938cb0 1673       3       jdk.internal.module.Builder::newExports (11 bytes)
Event: 1.895 Thread 0x0000024519938cb0 nmethod 1673 0x00000244c6cc4b90 code [0x00000244c6cc4d20, 0x00000244c6cc4e60]
Event: 1.895 Thread 0x0000024519938cb0 1675       3       java.util.ImmutableCollections$SetN::hashCode (46 bytes)
Event: 1.895 Thread 0x0000024519938cb0 nmethod 1675 0x00000244c6cc4f10 code [0x00000244c6cc50c0, 0x00000244c6cc53b0]
Event: 1.895 Thread 0x0000024519938cb0 1676       3       java.lang.module.ModuleDescriptor$Exports::hashCode (36 bytes)
Event: 1.896 Thread 0x0000024519938cb0 nmethod 1676 0x00000244c6cc5510 code [0x00000244c6cc56c0, 0x00000244c6cc5938]
Event: 1.896 Thread 0x0000024519938cb0 1674       3       java.lang.module.ModuleDescriptor$1::newExports (14 bytes)
Event: 1.896 Thread 0x0000024519938cb0 nmethod 1674 0x00000244c6cc5a90 code [0x00000244c6cc5c40, 0x00000244c6cc5fe8]
Event: 1.896 Thread 0x0000024519938cb0 1677       1       java.lang.module.ModuleDescriptor$Version::toString (5 bytes)
Event: 1.896 Thread 0x0000024519938cb0 nmethod 1677 0x00000244ce524510 code [0x00000244ce524680, 0x00000244ce524748]
Event: 1.896 Thread 0x0000024519938cb0 1678       3       java.util.ImmutableCollections$SetN::<init> (90 bytes)
Event: 1.897 Thread 0x0000024519938cb0 nmethod 1678 0x00000244c6cc6110 code [0x00000244c6cc63a0, 0x00000244c6cc70b0]
Event: 1.897 Thread 0x0000024519938cb0 1679       3       java.util.ImmutableCollections$Set12::<init> (20 bytes)
Event: 1.898 Thread 0x0000024519938cb0 nmethod 1679 0x00000244c6cc7590 code [0x00000244c6cc7760, 0x00000244c6cc7c08]
Event: 1.898 Thread 0x0000024519938cb0 1680       3       jdk.internal.module.Builder::newExports (12 bytes)
Event: 1.898 Thread 0x0000024519938cb0 nmethod 1680 0x00000244c6cc7d90 code [0x00000244c6cc7f20, 0x00000244c6cc8070]
Event: 1.899 Thread 0x0000024519938cb0 1683       3       java.net.URI::hash (33 bytes)
Event: 1.900 Thread 0x0000024519938cb0 nmethod 1683 0x00000244c6cc8110 code [0x00000244c6cc8300, 0x00000244c6cc8798]
Event: 1.900 Thread 0x0000024519938cb0 1684       3       java.net.URI::toLower (19 bytes)
Event: 1.900 Thread 0x0000024519938cb0 nmethod 1684 0x00000244c6cc8990 code [0x00000244c6cc8b20, 0x00000244c6cc8cb0]

GC Heap History (6 events):
Event: 0.873 GC heap before
{Heap before GC invocations=0 (full 0):
 garbage-first heap   total 30720K, used 14336K [0x00000000e3a00000, 0x0000000100000000)
  region size 1024K, 13 young (13312K), 0 survivors (0K)
 Metaspace       used 3049K, committed 3200K, reserved 1114112K
  class space    used 319K, committed 384K, reserved 1048576K
}
Event: 0.881 GC heap after
{Heap after GC invocations=1 (full 0):
 garbage-first heap   total 30720K, used 7296K [0x00000000e3a00000, 0x0000000100000000)
  region size 1024K, 2 young (2048K), 2 survivors (2048K)
 Metaspace       used 3049K, committed 3200K, reserved 1114112K
  class space    used 319K, committed 384K, reserved 1048576K
}
Event: 1.381 GC heap before
{Heap before GC invocations=1 (full 0):
 garbage-first heap   total 30720K, used 15488K [0x00000000e3a00000, 0x0000000100000000)
  region size 1024K, 10 young (10240K), 2 survivors (2048K)
 Metaspace       used 5776K, committed 5952K, reserved 1114112K
  class space    used 677K, committed 768K, reserved 1048576K
}
Event: 1.385 GC heap after
{Heap after GC invocations=2 (full 0):
 garbage-first heap   total 30720K, used 8262K [0x00000000e3a00000, 0x0000000100000000)
  region size 1024K, 1 young (1024K), 1 survivors (1024K)
 Metaspace       used 5776K, committed 5952K, reserved 1114112K
  class space    used 677K, committed 768K, reserved 1048576K
}
Event: 1.796 GC heap before
{Heap before GC invocations=2 (full 0):
 garbage-first heap   total 30720K, used 17478K [0x00000000e3a00000, 0x0000000100000000)
  region size 1024K, 10 young (10240K), 1 survivors (1024K)
 Metaspace       used 8024K, committed 8320K, reserved 1114112K
  class space    used 1033K, committed 1152K, reserved 1048576K
}
Event: 1.804 GC heap after
{Heap after GC invocations=3 (full 0):
 garbage-first heap   total 30720K, used 9214K [0x00000000e3a00000, 0x0000000100000000)
  region size 1024K, 2 young (2048K), 2 survivors (2048K)
 Metaspace       used 8024K, committed 8320K, reserved 1114112K
  class space    used 1033K, committed 1152K, reserved 1048576K
}

Dll operation events (6 events):
Event: 0.110 Loaded shared library C:\Program Files\Java\jdk-20\bin\java.dll
Event: 0.183 Loaded shared library C:\Program Files\Java\jdk-20\bin\jsvml.dll
Event: 0.389 Loaded shared library C:\Program Files\Java\jdk-20\bin\net.dll
Event: 0.396 Loaded shared library C:\Program Files\Java\jdk-20\bin\nio.dll
Event: 0.401 Loaded shared library C:\Program Files\Java\jdk-20\bin\zip.dll
Event: 0.535 Loaded shared library C:\Program Files\Java\jdk-20\bin\jimage.dll

Deoptimization events (20 events):
Event: 1.531 Thread 0x00000244be912860 Uncommon trap: trap_request=0xffffffc6 fr.pc=0x00000244ce4eecfc relative=0x00000000000002bc
Event: 1.531 Thread 0x00000244be912860 Uncommon trap: reason=bimorphic_or_optimized_type_check action=maybe_recompile pc=0x00000244ce4eecfc method=java.util.concurrent.ConcurrentHashMap.get(Ljava/lang/Object;)Ljava/lang/Object; @ 149 c2
Event: 1.531 Thread 0x00000244be912860 DEOPT PACKING pc=0x00000244ce4eecfc sp=0x0000009703ffd1b0
Event: 1.531 Thread 0x00000244be912860 DEOPT UNPACKING pc=0x00000244cdf1d2a2 sp=0x0000009703ffd120 mode 2
Event: 1.572 Thread 0x00000244be912860 Uncommon trap: trap_request=0xffffffc6 fr.pc=0x00000244ce4eecfc relative=0x00000000000002bc
Event: 1.572 Thread 0x00000244be912860 Uncommon trap: reason=bimorphic_or_optimized_type_check action=maybe_recompile pc=0x00000244ce4eecfc method=java.util.concurrent.ConcurrentHashMap.get(Ljava/lang/Object;)Ljava/lang/Object; @ 149 c2
Event: 1.572 Thread 0x00000244be912860 DEOPT PACKING pc=0x00000244ce4eecfc sp=0x0000009703ffd690
Event: 1.572 Thread 0x00000244be912860 DEOPT UNPACKING pc=0x00000244cdf1d2a2 sp=0x0000009703ffd5f0 mode 2
Event: 1.593 Thread 0x00000244be912860 Uncommon trap: trap_request=0xffffffc6 fr.pc=0x00000244ce5109cc relative=0x000000000000030c
Event: 1.593 Thread 0x00000244be912860 Uncommon trap: reason=bimorphic_or_optimized_type_check action=maybe_recompile pc=0x00000244ce5109cc method=java.util.HashMap.getNode(Ljava/lang/Object;)Ljava/util/HashMap$Node; @ 63 c2
Event: 1.593 Thread 0x00000244be912860 DEOPT PACKING pc=0x00000244ce5109cc sp=0x0000009703ffea90
Event: 1.593 Thread 0x00000244be912860 DEOPT UNPACKING pc=0x00000244cdf1d2a2 sp=0x0000009703ffe9f8 mode 2
Event: 1.593 Thread 0x00000244be912860 Uncommon trap: trap_request=0xffffffc6 fr.pc=0x00000244ce5109cc relative=0x000000000000030c
Event: 1.593 Thread 0x00000244be912860 Uncommon trap: reason=bimorphic_or_optimized_type_check action=maybe_recompile pc=0x00000244ce5109cc method=java.util.HashMap.getNode(Ljava/lang/Object;)Ljava/util/HashMap$Node; @ 63 c2
Event: 1.593 Thread 0x00000244be912860 DEOPT PACKING pc=0x00000244ce5109cc sp=0x0000009703ffea90
Event: 1.593 Thread 0x00000244be912860 DEOPT UNPACKING pc=0x00000244cdf1d2a2 sp=0x0000009703ffe9f8 mode 2
Event: 1.599 Thread 0x00000244be912860 Uncommon trap: trap_request=0xffffffc6 fr.pc=0x00000244ce5109cc relative=0x000000000000030c
Event: 1.599 Thread 0x00000244be912860 Uncommon trap: reason=bimorphic_or_optimized_type_check action=maybe_recompile pc=0x00000244ce5109cc method=java.util.HashMap.getNode(Ljava/lang/Object;)Ljava/util/HashMap$Node; @ 63 c2
Event: 1.599 Thread 0x00000244be912860 DEOPT PACKING pc=0x00000244ce5109cc sp=0x0000009703ffea90
Event: 1.599 Thread 0x00000244be912860 DEOPT UNPACKING pc=0x00000244cdf1d2a2 sp=0x0000009703ffe9f8 mode 2

Classes loaded (20 events):
Event: 1.826 Loading class java/beans/Introspector$1 done
Event: 1.834 Loading class sun/reflect/generics/scope/MethodScope
Event: 1.834 Loading class sun/reflect/generics/scope/MethodScope done
Event: 1.834 Loading class sun/reflect/generics/repository/MethodRepository
Event: 1.834 Loading class sun/reflect/generics/repository/MethodRepository done
Event: 1.834 Loading class java/util/AbstractList$ListItr
Event: 1.835 Loading class java/util/AbstractList$Itr
Event: 1.835 Loading class java/util/AbstractList$Itr done
Event: 1.835 Loading class java/util/AbstractList$ListItr done
Event: 1.838 Loading class java/lang/AssertionError
Event: 1.838 Loading class java/lang/AssertionError done
Event: 1.879 Loading class java/util/regex/PatternSyntaxException
Event: 1.882 Loading class java/util/regex/PatternSyntaxException done
Event: 1.883 Loading class javax/xml/stream/XMLStreamException
Event: 1.886 Loading class javax/xml/stream/XMLStreamException done
Event: 1.893 Loading class java/nio/file/FileSystemNotFoundException
Event: 1.893 Loading class java/nio/file/FileSystemNotFoundException done
Event: 1.893 Loading class java/util/zip/ZipException
Event: 1.893 Loading class java/util/zip/ZipException done
Event: 1.912 Loading class org/xml/sax/SAXException

Classes unloaded (0 events):
No events

Classes redefined (0 events):
No events

Internal exceptions (20 events):
Event: 1.516 Thread 0x00000244be912860 Exception <a 'java/lang/NoSuchMethodError'{0x00000000e547c950}: 'int java.lang.invoke.DirectMethodHandle$Holder.invokeStaticInit(java.lang.Object, long, long)'> (0x00000000e547c950) 
thrown [s\open\src\hotspot\share\interpreter\linkResolver.cpp, line 773]
Event: 1.517 Thread 0x00000244be912860 Exception <a 'java/lang/NoSuchMethodError'{0x00000000e5483268}: 'int java.lang.invoke.DirectMethodHandle$Holder.invokeStaticInit(java.lang.Object, float, float)'> (0x00000000e5483268) 
thrown [s\open\src\hotspot\share\interpreter\linkResolver.cpp, line 773]
Event: 1.518 Thread 0x00000244be912860 Exception <a 'java/lang/NoSuchMethodError'{0x00000000e5489b78}: 'int java.lang.invoke.DirectMethodHandle$Holder.invokeStaticInit(java.lang.Object, double, double)'> (0x00000000e5489b78) 
thrown [s\open\src\hotspot\share\interpreter\linkResolver.cpp, line 773]
Event: 1.519 Thread 0x00000244be912860 Exception <a 'java/lang/NoSuchMethodError'{0x00000000e548dee0}: 'int java.lang.invoke.DirectMethodHandle$Holder.invokeStatic(java.lang.Object, long)'> (0x00000000e548dee0) 
thrown [s\open\src\hotspot\share\interpreter\linkResolver.cpp, line 773]
Event: 1.523 Thread 0x00000244be912860 Exception <a 'java/lang/NoSuchMethodError'{0x00000000e54afe98}: 'int java.lang.invoke.Invokers$Holder.linkToTargetMethod(java.lang.Object, java.lang.Object)'> (0x00000000e54afe98) 
thrown [s\open\src\hotspot\share\interpreter\linkResolver.cpp, line 773]
Event: 1.546 Thread 0x00000244be912860 Exception <a 'java/lang/NoSuchMethodError'{0x00000000e532b978}: 'java.lang.Object java.lang.invoke.DirectMethodHandle$Holder.invokeSpecial(java.lang.Object, java.lang.Object, java.lang.Object, int, java.lang.Object)'> (0x00000000e532b978) 
thrown [s\open\src\hotspot\share\interpreter\linkResolver.cpp, line 773]
Event: 1.547 Thread 0x00000244be912860 Exception <a 'java/lang/NoSuchMethodError'{0x00000000e5333e80}: 'java.lang.Object java.lang.invoke.DirectMethodHandle$Holder.newInvokeSpecial(java.lang.Object, java.lang.Object, java.lang.Object, int, java.lang.Object)'> (0x00000000e5333e80) 
thrown [s\open\src\hotspot\share\interpreter\linkResolver.cpp, line 773]
Event: 1.547 Thread 0x00000244be912860 Exception <a 'java/lang/NoSuchMethodError'{0x00000000e533b338}: 'java.lang.Object java.lang.invoke.Invokers$Holder.linkToTargetMethod(java.lang.Object, java.lang.Object, int, java.lang.Object, java.lang.Object)'> (0x00000000e533b338) 
thrown [s\open\src\hotspot\share\interpreter\linkResolver.cpp, line 773]
Event: 1.549 Thread 0x00000244be912860 Exception <a 'java/lang/NoSuchMethodError'{0x00000000e534a210}: 'java.lang.Object java.lang.invoke.DirectMethodHandle$Holder.newInvokeSpecial(java.lang.Object, int, java.lang.Object)'> (0x00000000e534a210) 
thrown [s\open\src\hotspot\share\interpreter\linkResolver.cpp, line 773]
Event: 1.550 Thread 0x00000244be912860 Exception <a 'java/lang/NoSuchMethodError'{0x00000000e534e9b0}: 'int java.lang.invoke.DirectMethodHandle$Holder.invokeSpecialIFC(java.lang.Object, java.lang.Object, java.lang.Object, java.lang.Object)'> (0x00000000e534e9b0) 
thrown [s\open\src\hotspot\share\interpreter\linkResolver.cpp, line 773]
Event: 1.579 Thread 0x00000244be912860 Exception <a 'java/lang/NoSuchMethodError'{0x00000000e52002d8}: 'void java.lang.invoke.DirectMethodHandle$Holder.invokeInterface(java.lang.Object, java.lang.Object, java.lang.Object)'> (0x00000000e52002d8) 
thrown [s\open\src\hotspot\share\interpreter\linkResolver.cpp, line 773]
Event: 1.608 Thread 0x00000244be912860 Exception <a 'java/lang/NoSuchMethodError'{0x00000000e52808f8}: 'void java.lang.invoke.DirectMethodHandle$Holder.invokeStaticInit(java.lang.Object, java.lang.Object, java.lang.Object)'> (0x00000000e52808f8) 
thrown [s\open\src\hotspot\share\interpreter\linkResolver.cpp, line 773]
Event: 1.615 Thread 0x00000244be912860 Exception <a 'java/lang/NoSuchMethodError'{0x00000000e52b8868}: 'java.lang.Object java.lang.invoke.DirectMethodHandle$Holder.invokeStaticInit(java.lang.Object, int)'> (0x00000000e52b8868) 
thrown [s\open\src\hotspot\share\interpreter\linkResolver.cpp, line 773]
Event: 1.622 Thread 0x00000244be912860 Exception <a 'java/lang/NoSuchMethodError'{0x00000000e52c3ae8}: 'java.lang.Object java.lang.invoke.DirectMethodHandle$Holder.invokeStatic(java.lang.Object, int, java.lang.Object)'> (0x00000000e52c3ae8) 
thrown [s\open\src\hotspot\share\interpreter\linkResolver.cpp, line 773]
Event: 1.622 Thread 0x00000244be912860 Exception <a 'java/lang/NoSuchMethodError'{0x00000000e52c7440}: 'java.lang.Object java.lang.invoke.DirectMethodHandle$Holder.invokeStaticInit(java.lang.Object, int, java.lang.Object)'> (0x00000000e52c7440) 
thrown [s\open\src\hotspot\share\interpreter\linkResolver.cpp, line 773]
Event: 1.630 Thread 0x00000244be912860 Exception <a 'java/lang/NoSuchMethodError'{0x00000000e52e3a98}: 'java.lang.Object java.lang.invoke.DirectMethodHandle$Holder.invokeVirtual(java.lang.Object, java.lang.Object, java.lang.Object)'> (0x00000000e52e3a98) 
thrown [s\open\src\hotspot\share\interpreter\linkResolver.cpp, line 773]
Event: 1.670 Thread 0x00000244be912860 Exception <a 'java/lang/NoSuchMethodError'{0x00000000e51afc80}: 'void java.lang.invoke.DirectMethodHandle$Holder.invokeVirtual(java.lang.Object, java.lang.Object, java.lang.Object, java.lang.Object)'> (0x00000000e51afc80) 
thrown [s\open\src\hotspot\share\interpreter\linkResolver.cpp, line 773]
Event: 1.812 Thread 0x00000244be912860 Exception <a 'java/lang/NoSuchMethodError'{0x00000000e5715208}: 'java.lang.Object java.lang.invoke.Invokers$Holder.invoke_MT(java.lang.Object, java.lang.Object, java.lang.Object, java.lang.Object, java.lang.Object, java.lang.Object, java.lang.Object, java.lang.Object, java.lang.Object)'> (0x00000000e5715208) 
thrown [s\open\src\hotspot\share\interpreter\linkResolver.cpp, line 773]
Event: 1.819 Thread 0x00000244be912860 Exception <a 'java/lang/NoSuchMethodError'{0x00000000e5783718}: 'java.lang.reflect.Field[] java.lang.Class.getDeclaredFields(java.lang.Class)'> (0x00000000e5783718) 
thrown [s\open\src\hotspot\share\interpreter\linkResolver.cpp, line 773]
Event: 1.838 Thread 0x00000244be912860 Exception <a 'java/lang/IncompatibleClassChangeError'{0x00000000e562bd68}: Found class java.lang.Object, but interface was expected> (0x00000000e562bd68) 
thrown [s\open\src\hotspot\share\interpreter\linkResolver.cpp, line 840]

VM Operations (20 events):
Event: 0.873 Executing VM operation: G1CollectForAllocation
Event: 0.881 Executing VM operation: G1CollectForAllocation done
Event: 0.918 Executing VM operation: HandshakeAllThreads
Event: 0.918 Executing VM operation: HandshakeAllThreads done
Event: 0.918 Executing VM operation: HandshakeAllThreads
Event: 0.918 Executing VM operation: HandshakeAllThreads done
Event: 1.161 Executing VM operation: HandshakeAllThreads
Event: 1.161 Executing VM operation: HandshakeAllThreads done
Event: 1.188 Executing VM operation: HandshakeAllThreads
Event: 1.188 Executing VM operation: HandshakeAllThreads done
Event: 1.381 Executing VM operation: G1CollectForAllocation
Event: 1.385 Executing VM operation: G1CollectForAllocation done
Event: 1.507 Executing VM operation: HandshakeAllThreads
Event: 1.507 Executing VM operation: HandshakeAllThreads done
Event: 1.784 Executing VM operation: HandshakeAllThreads
Event: 1.784 Executing VM operation: HandshakeAllThreads done
Event: 1.788 Executing VM operation: HandshakeAllThreads
Event: 1.788 Executing VM operation: HandshakeAllThreads done
Event: 1.795 Executing VM operation: G1CollectForAllocation
Event: 1.804 Executing VM operation: G1CollectForAllocation done

Events (12 events):
Event: 0.191 Thread 0x00000244be912860 Thread added: 0x00000244be912860
Event: 0.266 Thread 0x0000024519925240 Thread added: 0x0000024519925240
Event: 0.266 Thread 0x00000245199288c0 Thread added: 0x00000245199288c0
Event: 0.268 Thread 0x000002451992dc20 Thread added: 0x000002451992dc20
Event: 0.268 Thread 0x000002451992f570 Thread added: 0x000002451992f570
Event: 0.269 Thread 0x00000245199358a0 Thread added: 0x00000245199358a0
Event: 0.271 Thread 0x00000245199361e0 Thread added: 0x00000245199361e0
Event: 0.271 Thread 0x0000024519938330 Thread added: 0x0000024519938330
Event: 0.272 Thread 0x0000024519938cb0 Thread added: 0x0000024519938cb0
Event: 0.360 Thread 0x000002451dc6ef10 Thread added: 0x000002451dc6ef10
Event: 0.377 Thread 0x000002451dc7d390 Thread added: 0x000002451dc7d390
Event: 1.807 Thread 0x000002451ec04a40 Thread added: 0x000002451ec04a40


Dynamic libraries:
0x00007ff604730000 - 0x00007ff604740000 	C:\Program Files\Java\jdk-20\bin\javaw.exe
0x00007ffa71890000 - 0x00007ffa71aa7000 	C:\WINDOWS\SYSTEM32\ntdll.dll
0x00007ffa70800000 - 0x00007ffa708c4000 	C:\WINDOWS\System32\KERNEL32.DLL
0x00007ffa6f150000 - 0x00007ffa6f523000 	C:\WINDOWS\System32\KERNELBASE.dll
0x00007ffa6ed20000 - 0x00007ffa6ee31000 	C:\WINDOWS\System32\ucrtbase.dll
0x00007ffa51f90000 - 0x00007ffa51fa9000 	C:\Program Files\Java\jdk-20\bin\jli.dll
0x00007ffa51f70000 - 0x00007ffa51f8b000 	C:\Program Files\Java\jdk-20\bin\VCRUNTIME140.dll
0x00007ffa70a70000 - 0x00007ffa70b21000 	C:\WINDOWS\System32\ADVAPI32.dll
0x00007ffa714c0000 - 0x00007ffa71567000 	C:\WINDOWS\System32\msvcrt.dll
0x00007ffa706a0000 - 0x00007ffa70748000 	C:\WINDOWS\System32\sechost.dll
0x00007ffa6efe0000 - 0x00007ffa6f008000 	C:\WINDOWS\System32\bcrypt.dll
0x00007ffa70950000 - 0x00007ffa70a68000 	C:\WINDOWS\System32\RPCRT4.dll
0x00007ffa712f0000 - 0x00007ffa714a2000 	C:\WINDOWS\System32\USER32.dll
0x00007ffa6eac0000 - 0x00007ffa6eae6000 	C:\WINDOWS\System32\win32u.dll
0x00007ffa70750000 - 0x00007ffa70779000 	C:\WINDOWS\System32\GDI32.dll
0x00007ffa5c9b0000 - 0x00007ffa5cc4c000 	C:\WINDOWS\WinSxS\amd64_microsoft.windows.common-controls_6595b64144ccf1df_6.0.22621.5983_none_2714a6b37381578e\COMCTL32.dll
0x00007ffa6e990000 - 0x00007ffa6eab3000 	C:\WINDOWS\System32\gdi32full.dll
0x00007ffa6ef40000 - 0x00007ffa6efda000 	C:\WINDOWS\System32\msvcp_win.dll
0x00007ffa683a0000 - 0x00007ffa683aa000 	C:\WINDOWS\SYSTEM32\VERSION.dll
0x00007ffa712b0000 - 0x00007ffa712e1000 	C:\WINDOWS\System32\IMM32.DLL
0x00007ffa56300000 - 0x00007ffa5630c000 	C:\Program Files\Java\jdk-20\bin\vcruntime140_1.dll
0x00007ffa50900000 - 0x00007ffa5098e000 	C:\Program Files\Java\jdk-20\bin\msvcp140.dll
0x00007ffa238b0000 - 0x00007ffa24548000 	C:\Program Files\Java\jdk-20\bin\server\jvm.dll
0x00007ffa6a790000 - 0x00007ffa6a7c4000 	C:\WINDOWS\SYSTEM32\WINMM.dll
0x00007ffa5bd00000 - 0x00007ffa5bd09000 	C:\WINDOWS\SYSTEM32\WSOCK32.dll
0x00007ffa6f820000 - 0x00007ffa6f891000 	C:\WINDOWS\System32\WS2_32.dll
0x00007ffa6d920000 - 0x00007ffa6d938000 	C:\WINDOWS\SYSTEM32\kernel.appcore.dll
0x00007ffa5bc50000 - 0x00007ffa5bc5a000 	C:\Program Files\Java\jdk-20\bin\jimage.dll
0x00007ffa6c280000 - 0x00007ffa6c4b3000 	C:\WINDOWS\SYSTEM32\DBGHELP.DLL
0x00007ffa6fa00000 - 0x00007ffa6fd91000 	C:\WINDOWS\System32\combase.dll
0x00007ffa71720000 - 0x00007ffa717f8000 	C:\WINDOWS\System32\OLEAUT32.dll
0x00007ffa53270000 - 0x00007ffa532a2000 	C:\WINDOWS\SYSTEM32\dbgcore.DLL
0x00007ffa6eec0000 - 0x00007ffa6ef3b000 	C:\WINDOWS\System32\bcryptPrimitives.dll
0x00007ffa43c10000 - 0x00007ffa43c36000 	C:\Program Files\Java\jdk-20\bin\java.dll
0x00007ffa43b30000 - 0x00007ffa43c07000 	C:\Program Files\Java\jdk-20\bin\jsvml.dll
0x00007ffa6fda0000 - 0x00007ffa7063e000 	C:\WINDOWS\System32\SHELL32.dll
0x00007ffa6f010000 - 0x00007ffa6f14f000 	C:\WINDOWS\System32\wintypes.dll
0x00007ffa6c820000 - 0x00007ffa6d138000 	C:\WINDOWS\SYSTEM32\windows.storage.dll
0x00007ffa70d00000 - 0x00007ffa70e04000 	C:\WINDOWS\System32\SHCORE.dll
0x00007ffa708d0000 - 0x00007ffa70939000 	C:\WINDOWS\System32\shlwapi.dll
0x00007ffa6e8c0000 - 0x00007ffa6e8e5000 	C:\WINDOWS\SYSTEM32\profapi.dll
0x00007ffa49bf0000 - 0x00007ffa49c03000 	C:\Program Files\Java\jdk-20\bin\net.dll
0x00007ffa68670000 - 0x00007ffa6879c000 	C:\WINDOWS\SYSTEM32\WINHTTP.dll
0x00007ffa6ddf0000 - 0x00007ffa6de59000 	C:\WINDOWS\system32\mswsock.dll
0x00007ffa43b10000 - 0x00007ffa43b26000 	C:\Program Files\Java\jdk-20\bin\nio.dll
0x00007ffa43af0000 - 0x00007ffa43b08000 	C:\Program Files\Java\jdk-20\bin\zip.dll

dbghelp: loaded successfully - version: 4.0.5 - missing functions: none
symbol engine: initialized successfully - sym options: 0x614 - pdb path: .;C:\Program Files\Java\jdk-20\bin;C:\WINDOWS\SYSTEM32;C:\WINDOWS\WinSxS\amd64_microsoft.windows.common-controls_6595b64144ccf1df_6.0.22621.5983_none_2714a6b37381578e;C:\Program Files\Java\jdk-20\bin\server

VM Arguments:
jvm_args: -Dfile.encoding=UTF-8 -Dstdout.encoding=UTF-8 -Dstderr.encoding=UTF-8 -XX:+ShowCodeDetailsInExceptionMessages 
java_command: com.example.demo.HouseHerosApplication
java_class_path (initial): C:\Users\Shree\eclipse-workspace\HouseHeros\target\classes;C:\Users\Shree\.m2\repository\org\springframework\boot\spring-boot-starter-data-jpa\3.5.6\spring-boot-starter-data-jpa-3.5.6.jar;C:\Users\Shree\.m2\repository\org\springframework\boot\spring-boot-starter\3.5.6\spring-boot-starter-3.5.6.jar;C:\Users\Shree\.m2\repository\org\springframework\boot\spring-boot\3.5.6\spring-boot-3.5.6.jar;C:\Users\Shree\.m2\repository\org\springframework\boot\spring-boot-autoconfigure\3.5.6\spring-boot-autoconfigure-3.5.6.jar;C:\Users\Shree\.m2\repository\org\springframework\boot\spring-boot-starter-logging\3.5.6\spring-boot-starter-logging-3.5.6.jar;C:\Users\Shree\.m2\repository\ch\qos\logback\logback-classic\1.5.18\logback-classic-1.5.18.jar;C:\Users\Shree\.m2\repository\ch\qos\logback\logback-core\1.5.18\logback-core-1.5.18.jar;C:\Users\Shree\.m2\repository\org\apache\logging\log4j\log4j-to-slf4j\2.24.3\log4j-to-slf4j-2.24.3.jar;C:\Users\Shree\.m2\repository\org\apache\logging\log4j\log4j-api\2.24.3\log4j-api-2.24.3.jar;C:\Users\Shree\.m2\repository\org\slf4j\jul-to-slf4j\2.0.17\jul-to-slf4j-2.0.17.jar;C:\Users\Shree\.m2\repository\jakarta\annotation\jakarta.annotation-api\2.1.1\jakarta.annotation-api-2.1.1.jar;C:\Users\Shree\.m2\repository\org\yaml\snakeyaml\2.4\snakeyaml-2.4.jar;C:\Users\Shree\.m2\repository\org\springframework\boot\spring-boot-starter-jdbc\3.5.6\spring-boot-starter-jdbc-3.5.6.jar;C:\Users\Shree\.m2\repository\com\zaxxer\HikariCP\6.3.3\HikariCP-6.3.3.jar;C:\Users\Shree\.m2\repository\org\springframework\spring-jdbc\6.2.11\spring-jdbc-6.2.11.jar;C:\Users\Shree\.m2\repository\org\hibernate\orm\hibernate-core\6.6.29.Final\hibernate-core-6.6.29.Final.jar;C:\Users\Shree\.m2\repository\jakarta\persistence\jakarta.persistence-api\3.1.0\jakarta.persistence-api-3.1.0.jar;C:\Users\Shree\.m2\repository\jakarta\transaction\jakarta.transaction-api\2.0.1\jakarta.transaction-api-2.0.1.jar;C:\Users\Shree\.m2\repository\org\jboss\logging\jboss-logging\3.6.1.Final\jboss-logging-3.6.1.Final.jar;C:\Users\Shree\.m2\repository\org\hibernate\common\hibernate-commons-annotations\7.0.3.Final\hibernate-commons-annotations-7.0.3.Final.jar;C:\Users\Shree\.m2\repository\io\smallrye\jandex\3.2.0\jandex-3.2.0.jar;C:\Users\Shree\.m2\repository\com\fasterxml\classmate\1.7.0\classmate-1.7.0.jar;C:\Users\Shree\.m2\repository\net\bytebuddy\byte-buddy\1.17.7\byte-buddy-1.17.7.jar;C:\Users\Shree\.m2\repository\org\glassfish\jaxb\jaxb-runtime\4.0.5\jaxb-runtime-4.0.5.jar;C:\Users\Shree\.m2\repository\org\glassfish\jaxb\jaxb-core\4.0.5\jaxb-core-4.0.5.jar;C:\Users\Shree\.m2\repository\org\eclipse\angus\angus-activation\2.0.2\angus-activation-2.0.2.jar;C:\Users\Shree\.m2\repository\org\glassfish\jaxb\txw2\4.0.5\txw2-4.0.5.jar;C:\Users\Shree\.m2\repository\com\sun\istack\istack-commons-runtime\4.1.2\istack-commons-runtime-4.1.2.jar;C:\Users\Shree\.m2\repository\jakarta\inject\jakarta.inject-api\2.0.1\jakarta.inject-api-2.0.1.jar;C:\Users\Shree\.m2\repository\org\antlr\antlr4-runtime\4.13.0\antlr4-runtime-4.13.0.jar;C:\Users\Shree\.m2\repository\org\springframework\data\spring-data-jpa\3.5.4\spring-data-jpa-3.5.4.jar;C:\Users\Shree\.m2\repository\org\springframework\data\spring-data-commons\3.5.4\spring-data-commons-3.5.4.jar;C:\Users\Shree\.m2\repository\org\springframework\spring-orm\6.2.11\spring-orm-6.2.11.jar;C:\Users\Shree\.m2\repository\org\springframework\spring-context\6.2.11\spring-context-6.2.11.jar;C:\Users\Shree\.m2\repository\org\springframework\spring-tx\6.2.11\spring-tx-6.2.11.jar;C:\Users\Shree\.m2\repository\org\springframework\spring-beans\6.2.11\spring-beans-6.2.11.jar;C:\Users\Shree\.m2\repository\org\slf4j\slf4j-api\2.0.17\slf4j-api-2.0.17.jar;C:\Users\Shree\.m2\repository\org\springframework\spring-aspects\6.2.11\spring-aspects-6.2.11.jar;C:\Users\Shree\.m2\repository\org\aspectj\aspectjweaver\1.9.24\aspectjweaver-1.9.24.jar;C:\Users\Shree\.m2\repository\org\springframework\boot\spring-boot-starter-security\3.5.6\spring-boot-starter-security-3.5.6.jar;C:\Users\Shree\.m2\repository\org\springframework\spring-aop\6.2.11\spring-aop-6.2.11.jar;C:\Users\Shree\.m2\repository\org\springframework\security\spring-security-config\6.5.5\spring-security-config-6.5.5.jar;C:\Users\Shree\.m2\repository\org\springframework\security\spring-security-web\6.5.5\spring-security-web-6.5.5.jar;C:\Users\Shree\.m2\repository\org\springframework\spring-expression\6.2.11\spring-expression-6.2.11.jar;C:\Users\Shree\.m2\repository\org\springframework\boot\spring-boot-starter-validation\3.5.6\spring-boot-starter-validation-3.5.6.jar;C:\Users\Shree\.m2\repository\org\apache\tomcat\embed\tomcat-embed-el\10.1.46\tomcat-embed-el-10.1.46.jar;C:\Users\Shree\.m2\repository\org\hibernate\validator\hibernate-validator\8.0.3.Final\hibernate-validator-8.0.3.Final.jar;C:\Users\Shree\.m2\repository\jakarta\validation\jakarta.validation-api\3.0.2\jakarta.validation-api-3.0.2.jar;C:\Users\Shree\.m2\repository\org\springframework\boot\spring-boot-starter-web\3.5.6\spring-boot-starter-web-3.5.6.jar;C:\Users\Shree\.m2\repository\org\springframework\boot\spring-boot-starter-json\3.5.6\spring-boot-starter-json-3.5.6.jar;C:\Users\Shree\.m2\repository\com\fasterxml\jackson\datatype\jackson-datatype-jdk8\2.19.2\jackson-datatype-jdk8-2.19.2.jar;C:\Users\Shree\.m2\repository\com\fasterxml\jackson\datatype\jackson-datatype-jsr310\2.19.2\jackson-datatype-jsr310-2.19.2.jar;C:\Users\Shree\.m2\repository\com\fasterxml\jackson\module\jackson-module-parameter-names\2.19.2\jackson-module-parameter-names-2.19.2.jar;C:\Users\Shree\.m2\repository\org\springframework\boot\spring-boot-starter-tomcat\3.5.6\spring-boot-starter-tomcat-3.5.6.jar;C:\Users\Shree\.m2\repository\org\apache\tomcat\embed\tomcat-embed-core\10.1.46\tomcat-embed-core-10.1.46.jar;C:\Users\Shree\.m2\repository\org\apache\tomcat\embed\tomcat-embed-websocket\10.1.46\tomcat-embed-websocket-10.1.46.jar;C:\Users\Shree\.m2\repository\org\springframework\spring-web\6.2.11\spring-web-6.2.11.jar;C:\Users\Shree\.m2\repository\io\micrometer\micrometer-observation\1.15.4\micrometer-observation-1.15.4.jar;C:\Users\Shree\.m2\repository\io\micrometer\micrometer-commons\1.15.4\micrometer-commons-1.15.4.jar;C:\Users\Shree\.m2\repository\org\springframework\spring-webmvc\6.2.11\spring-webmvc-6.2.11.jar;C:\Users\Shree\.m2\repository\com\mysql\mysql-connector-j\9.4.0\mysql-connector-j-9.4.0.jar;C:\Users\Shree\.m2\repository\org\projectlombok\lombok\1.18.40\lombok-1.18.40.jar;C:\Users\Shree\.m2\repository\jakarta\xml\bind\jakarta.xml.bind-api\4.0.2\jakarta.xml.bind-api-4.0.2.jar;C:\Users\Shree\.m2\repository\jakarta\activation\jakarta.activation-api\2.1.4\jakarta.activation-api-2.1.4.jar;C:\Users\Shree\.m2\repository\org\springframework\spring-core\6.2.11\spring-core-6.2.11.jar;C:\Users\Shree\.m2\repository\org\springframework\spring-jcl\6.2.11\spring-jcl-6.2.11.jar;C:\Users\Shree\.m2\repository\org\springframework\security\spring-security-core\6.5.5\spring-security-core-6.5.5.jar;C:\Users\Shree\.m2\repository\org\springframework\security\spring-security-crypto\6.5.5\spring-security-crypto-6.5.5.jar;C:\Users\Shree\.m2\repository\io\jsonwebtoken\jjwt-api\0.11.5\jjwt-api-0.11.5.jar;C:\Users\Shree\.m2\repository\io\jsonwebtoken\jjwt-impl\0.11.5\jjwt-impl-0.11.5.jar;C:\Users\Shree\.m2\repository\io\jsonwebtoken\jjwt-jackson\0.11.5\jjwt-jackson-0.11.5.jar;C:\Users\Shree\.m2\repository\com\fasterxml\jackson\core\jackson-databind\2.19.2\jackson-databind-2.19.2.jar;C:\Users\Shree\.m2\repository\com\fasterxml\jackson\core\jackson-annotations\2.19.2\jackson-annotations-2.19.2.jar;C:\Users\Shree\.m2\repository\com\fasterxml\jackson\core\jackson-core\2.19.2\jackson-core-2.19.2.jar
Launcher Type: SUN_STANDARD

[Global flags]
     intx CICompilerCount                          = 3                                         {product} {ergonomic}
     uint ConcGCThreads                            = 1                                         {product} {ergonomic}
     uint G1ConcRefinementThreads                  = 4                                         {product} {ergonomic}
   size_t G1HeapRegionSize                         = 1048576                                   {product} {ergonomic}
    uintx GCDrainStackTargetSize                   = 64                                        {product} {ergonomic}
   size_t InitialHeapSize                          = 31457280                                  {product} {ergonomic}
   size_t MarkStackSize                            = 4194304                                   {product} {ergonomic}
   size_t MaxHeapSize                              = 476053504                                 {product} {ergonomic}
   size_t MaxNewSize                               = 285212672                                 {product} {ergonomic}
   size_t MinHeapDeltaBytes                        = 1048576                                   {product} {ergonomic}
   size_t MinHeapSize                              = 8388608                                   {product} {ergonomic}
    uintx NonNMethodCodeHeapSize                   = 5832780                                {pd product} {ergonomic}
    uintx NonProfiledCodeHeapSize                  = 122912730                              {pd product} {ergonomic}
    uintx ProfiledCodeHeapSize                     = 122912730                              {pd product} {ergonomic}
    uintx ReservedCodeCacheSize                    = 251658240                              {pd product} {ergonomic}
     bool SegmentedCodeCache                       = true                                      {product} {ergonomic}
     bool ShowCodeDetailsInExceptionMessages       = true                                   {manageable} {command line}
   size_t SoftMaxHeapSize                          = 476053504                              {manageable} {ergonomic}
     bool UseCompressedClassPointers               = true                           {product lp64_product} {ergonomic}
     bool UseCompressedOops                        = true                           {product lp64_product} {ergonomic}
     bool UseG1GC                                  = true                                      {product} {ergonomic}
     bool UseLargePagesIndividualAllocation        = false                                  {pd product} {ergonomic}

Logging:
Log output configuration:
 #0: stdout all=warning uptime,level,tags foldmultilines=false
 #1: stderr all=off uptime,level,tags foldmultilines=false

Environment Variables:
PATH=C:/Program Files/Java/jdk-20/bin/server;C:/Program Files/Java/jdk-20/bin;C:\Program Files\Java\jdk-20\bin;C:\Users\Shree\Downloads\jdk-20_windows-x64_bin;C:\Program Files\Common Files\Oracle\Java\javapath;C:\Program Files (x86)\Common Files\Oracle\Java\javapath;C:\Program Files\dotnet\;C:\Program Files (x86)\Microsoft Visual Studio\2019\BuildTools\Common7\IDE\CommonExtensions\Microsoft\TeamFoundation\Team Explorer\Git;C:\Program Files\Git\cmd;C:\Program Files\Git\bin;C:\WINDOWS\system32;C:\WINDOWS;C:\WINDOWS\System32\Wbem;C:\WINDOWS\System32\WindowsPowerShell\v1.0\;C:\WINDOWS\System32\OpenSSH\;C:\Users\Shree\AppData\Roaming\npm;C:\Program Files\Git LFS;C:\Users\Shree\AppData\Local\Programs\Python\Python312;C:\Program Files\Android\cmdline-tools\bin;C:\Users\Shree\Downloads\jdk-20_windows-x64_bin;C:\Program Files\MongoDB\Server\6.0\bin;C:\Users\Shree\AppData\Local\Programs\Microsoft VS Code\bin;C:\Program Files\JetBrains\IntelliJ IDEA Educational Edition 2022.2.2\bin;;C:\Users\Shree\Downloads\mongosh-2.0.2-win32-x64\mongosh-2.0.2-win32-x64\bin;C:\Users\Shree\.dotnet\tools;C:\Users\Shree\AppData\Local\Microsoft\WindowsApps;C:\Program Files (x86)\Google\google_appengine\;C:\Users\Shree\AppData\Local\Android\Sdk;C:\Users\Shree\AppData\Local\Android\Sdk\platform-tools;C:\Users\Shree\AppData\Local\Android\Sdk\tools\bin;C:\Users\Shree\AppData\Local\Android\Sdk\tools;C:\Users\Shree\AppData\Local\Android\Sdk\emulator;C:\Program Files (x86)\Common Files\Oracle\Java\java8path;C:\Program Files\Common Files\Oracle\Java\javapath;C:\Program Files (x86)\Common Files\Oracle\Java\javapath;C:\Program Files\Java\jdk-19\bin;C:\Users\Shree\Desktop;
USERNAME=Shree
OS=Windows_NT
PROCESSOR_IDENTIFIER=Intel64 Family 6 Model 126 Stepping 5, GenuineIntel
TMP=C:\Users\Shree\AppData\Local\Temp
TEMP=C:\Users\Shree\AppData\Local\Temp




---------------  S Y S T E M  ---------------

OS:
 Windows 11 , 64 bit Build 22621 (10.0.22621.5415)
OS uptime: 0 days 1:28 hours
Hyper-V role detected

CPU: total 4 (initial active 4) (2 cores per cpu, 2 threads per core) family 6 model 126 stepping 5 microcode 0xca, cx8, cmov, fxsr, ht, mmx, 3dnowpref, sse, sse2, sse3, ssse3, sse4.1, sse4.2, popcnt, lzcnt, tsc, tscinvbit, avx, avx2, aes, erms, clmul, bmi1, bmi2, adx, avx512f, avx512dq, avx512cd, avx512bw, avx512vl, sha, fma, vzeroupper, avx512_vpopcntdq, avx512_vpclmulqdq, avx512_vaes, avx512_vnni, clflush, clflushopt, avx512_vbmi2, avx512_vbmi, hv, rdtscp, rdpid, fsrm, gfni, avx512_bitalg, f16c, avx512_ifma

Memory: 4k page, system-wide physical 1815M (8M free)
TotalPageFile size 7447M (AvailPageFile size 3M)
current process WorkingSet (physical memory assigned to process): 73M, peak: 75M
current process commit charge ("private bytes"): 123M, peak: 123M

vm_info: Java HotSpot(TM) 64-Bit Server VM (20.0.2+9-78) for windows-amd64 JRE (20.0.2+9-78), built on 2023-06-14T10:08:48Z by "mach5one" with MS VC++ 17.1 (VS2022)

END.
